Size of train: 6551 source images, 36000 sampled pairs per epoch/pass
Size of test: 1638 source images, 5000 sampled pairs per epoch/pass
Size of test: 1638 source images, 5000 sampled pairs per epoch/pass
Setting up [LPIPS] perceptual loss: trunk [alex], v[0.1], spatial [off]
Loading model from: /nas-ctm01/homes/dacordeiro/.conda/envs/demorph/lib/python3.10/site-packages/lpips/weights/v0.1/alex.pth

--- TACoS Sampling Evaluation Metrics (Entire Test Set) ---
SSIM Target: 0.3922
SSIM Deduced: 0.3909
PSNR Target: 15.2101
PSNR Deduced: 15.2053
LPIPS Target: 0.2967
LPIPS Deduced: 0.2981
Success Rate of Reversal Target (%S): 1.72%
Success Rate of Reversal Deduced (%S): 1.54%

Size of test: 1638 source images, 5000 sampled pairs per epoch/pass
Setting up [LPIPS] perceptual loss: trunk [alex], v[0.1], spatial [off]
Loading model from: /nas-ctm01/homes/dacordeiro/.conda/envs/demorph/lib/python3.10/site-packages/lpips/weights/v0.1/alex.pth

--- One-Shot Evaluation Metrics (Entire Test Set) ---
SSIM Target: 0.5808
SSIM Deduced: 0.5806
PSNR Target: 17.2471
PSNR Deduced: 17.2498
LPIPS Target: 0.2047
LPIPS Deduced: 0.2051
Success Rate of Reversal Target (%S): 64.90%
Success Rate of Reversal Deduced (%S): 64.48%

[1;34mwandb[0m: 
[1;34mwandb[0m: 🚀 View run [33mavg_coupled_noisy_0.01sigma[0m at: [34mhttps://wandb.ai/davcordeiro03-inesc-tec/Face-DM/runs/jda41pm0[0m
[1;34mwandb[0m: Find logs at: [1;35mwandb/run-20260408_234257-jda41pm0/logs[0m
