
--- One-Shot Evaluation Metrics (Entire Test Set) ---
MSE Target: 0.105103
MSE Deduced: 0.105103
MSE Mean: 0.105103
Cosine Similarity Target: 0.886960
Cosine Similarity Deduced: 0.887488
Cosine Similarity Mean: 0.887224
Saved OneShot labeled image row to: experiments/lt_avg_flower_flower_pid_2/results/oneshot_8_tile_row_labeled.png


--- Regular Evaluation Metrics (Entire Test Set) ---
MSE Target: 0.107495
MSE Deduced: 0.107495
MSE Mean: 0.107495
Cosine Similarity Target: 0.885549
Cosine Similarity Deduced: 0.884377
Cosine Similarity Mean: 0.884963
Saved Regular labeled image row to: experiments/lt_avg_flower_flower_pid_2/results/regular_8_tile_row_labeled.png

Starting decoder sanity check on cuda...
Loading matched UnCLIP pipeline...
Encoding the real images with the pipeline's own encoder...
Decoding the re-encoded embeddings...
Saved sanity-check row to: experiments/lt_avg_flower_flower_pid_2/results/decoder_single_image_sanity_check_64x64.png
[1;34mwandb[0m: 
[1;34mwandb[0m: 🚀 View run [33mlt_avg_flower_flower_pid_2[0m at: [34mhttps://wandb.ai/davcordeiro03-inesc-tec/Face-DM/runs/p2f1bs96[0m
[1;34mwandb[0m: Find logs at: [1;35mwandb/run-20260406_110812-p2f1bs96/logs[0m
