Size of train: 35945
Size of test: 5000
Size of test: 5000
Setting up [LPIPS] perceptual loss: trunk [alex], v[0.1], spatial [off]
Loading model from: /nas-ctm01/homes/dacordeiro/.conda/envs/demorph/lib/python3.10/site-packages/lpips/weights/v0.1/alex.pth

--- Iterative Evaluation Metrics (Entire Test Set) ---
SSIM Target: 0.6751
SSIM Deduced: 0.6006
PSNR Target: 18.7835
PSNR Deduced: 18.7809
LPIPS Target: 0.1467
LPIPS Deduced: 0.1594
Success Rate of Reversal Target (%S): 76.16%
Success Rate of Reversal Deduced (%S): 72.76%

Size of test: 5000
Setting up [LPIPS] perceptual loss: trunk [alex], v[0.1], spatial [off]
Loading model from: /nas-ctm01/homes/dacordeiro/.conda/envs/demorph/lib/python3.10/site-packages/lpips/weights/v0.1/alex.pth

--- One-Shot Evaluation Metrics (Entire Test Set) ---
SSIM Target: 0.6783
SSIM Deduced: 0.6098
PSNR Target: 18.6015
PSNR Deduced: 18.6009
LPIPS Target: 0.1573
LPIPS Deduced: 0.1681
Success Rate of Reversal Target (%S): 80.44%
Success Rate of Reversal Deduced (%S): 76.52%

[1;34mwandb[0m: 
[1;34mwandb[0m: 🚀 View run [33mavg_flowers_randPixelSwap[0m at: [34mhttps://wandb.ai/davcordeiro03-inesc-tec/Face-DM/runs/v3vwoq75[0m
[1;34mwandb[0m: Find logs at: [1;35mwandb/run-20260407_003917-v3vwoq75/logs[0m
