Size of train: 6551 source images, 36000 sampled pairs per epoch/pass
Size of test: 1638 source images, 5000 sampled pairs per epoch/pass
Size of test: 1638 source images, 5000 sampled pairs per epoch/pass
Setting up [LPIPS] perceptual loss: trunk [alex], v[0.1], spatial [off]
Loading model from: /nas-ctm01/homes/dacordeiro/.conda/envs/demorph/lib/python3.10/site-packages/lpips/weights/v0.1/alex.pth

--- TACoS Sampling Evaluation Metrics (Entire Test Set) ---
SSIM Target: 0.4671
SSIM Deduced: 0.4665
PSNR Target: 15.1737
PSNR Deduced: 15.1749
LPIPS Target: 0.2815
LPIPS Deduced: 0.2810
Success Rate of Reversal Target (%S): 0.12%
Success Rate of Reversal Deduced (%S): 0.04%

Size of test: 1638 source images, 5000 sampled pairs per epoch/pass
Setting up [LPIPS] perceptual loss: trunk [alex], v[0.1], spatial [off]
Loading model from: /nas-ctm01/homes/dacordeiro/.conda/envs/demorph/lib/python3.10/site-packages/lpips/weights/v0.1/alex.pth

--- One-Shot Evaluation Metrics (Entire Test Set) ---
SSIM Target: 0.5629
SSIM Deduced: 0.5623
PSNR Target: 17.9510
PSNR Deduced: 17.9472
LPIPS Target: 0.1802
LPIPS Deduced: 0.1804
Success Rate of Reversal Target (%S): 51.20%
Success Rate of Reversal Deduced (%S): 51.14%

[1;34mwandb[0m: 
[1;34mwandb[0m: 🚀 View run [33mavg_coupled_noisy_0.196sigma[0m at: [34mhttps://wandb.ai/davcordeiro03-inesc-tec/Face-DM/runs/hiqnnvtl[0m
[1;34mwandb[0m: Find logs at: [1;35mwandb/run-20260409_051505-hiqnnvtl/logs[0m
