
--- One-Shot Evaluation Metrics (Entire Test Set) ---
MSE Target: 0.096074
MSE Deduced: 0.096074
MSE Mean: 0.096074
Cosine Similarity Target: 0.896562
Cosine Similarity Deduced: 0.895619
Cosine Similarity Mean: 0.896090
Saved OneShot labeled image row to: experiments/lt_avg_flower_flower/results/oneshot_8_tile_row_labeled.png


--- Regular Evaluation Metrics (Entire Test Set) ---
MSE Target: 0.114277
MSE Deduced: 0.114277
MSE Mean: 0.114277
Cosine Similarity Target: 0.878793
Cosine Similarity Deduced: 0.878136
Cosine Similarity Mean: 0.878464
Saved Regular labeled image row to: experiments/lt_avg_flower_flower/results/regular_8_tile_row_labeled.png

Starting decoder sanity check on cuda...
Loading matched UnCLIP pipeline...
Encoding the real images with the pipeline's own encoder...
Decoding the re-encoded embeddings...
Saved sanity-check row to: experiments/lt_avg_flower_flower/results/decoder_single_image_sanity_check_64x64.png
[1;34mwandb[0m: 
[1;34mwandb[0m: 🚀 View run [33mlt_avg_flower_flower[0m at: [34mhttps://wandb.ai/davcordeiro03-inesc-tec/Face-DM/runs/jx8qmqfp[0m
[1;34mwandb[0m: Find logs at: [1;35mwandb/run-20260405_224625-jx8qmqfp/logs[0m
