
--- One-Shot Evaluation Metrics (Entire Test Set) ---
MSE Target: 0.013248
MSE Deduced: 0.013248
MSE Mean: 0.013248
Cosine Similarity Target: 0.985745
Cosine Similarity Deduced: 0.987275
Cosine Similarity Mean: 0.986510
Saved OneShot labeled image row to: experiments/lt_avg_flower_animal_2/results/oneshot_8_tile_row_labeled.png


--- Regular Evaluation Metrics (Entire Test Set) ---
MSE Target: 0.014013
MSE Deduced: 0.014013
MSE Mean: 0.014013
Cosine Similarity Target: 0.984905
Cosine Similarity Deduced: 0.986611
Cosine Similarity Mean: 0.985758
Saved Regular labeled image row to: experiments/lt_avg_flower_animal_2/results/regular_8_tile_row_labeled.png

Starting decoder sanity check on cuda...
Loading matched UnCLIP pipeline...
Encoding the real images with the pipeline's own encoder...
Decoding the re-encoded embeddings...
Saved sanity-check row to: experiments/lt_avg_flower_animal_2/results/decoder_single_image_sanity_check_64x64.png
[1;34mwandb[0m: 
[1;34mwandb[0m: 🚀 View run [33mlt_avg_flower_animal_2[0m at: [34mhttps://wandb.ai/davcordeiro03-inesc-tec/Face-DM/runs/sjd8k5fx[0m
[1;34mwandb[0m: Find logs at: [1;35mwandb/run-20260406_104847-sjd8k5fx/logs[0m
