Size of train: 35945
Size of test: 5000
Size of test: 5000
Setting up [LPIPS] perceptual loss: trunk [alex], v[0.1], spatial [off]
Loading model from: /nas-ctm01/homes/dacordeiro/.conda/envs/demorph/lib/python3.10/site-packages/lpips/weights/v0.1/alex.pth

--- Iterative Evaluation Metrics (Entire Test Set) ---
SSIM Target: 0.0152
SSIM Deduced: 0.0144
PSNR Target: 7.3208
PSNR Deduced: 7.3064
LPIPS Target: 0.7695
LPIPS Deduced: 0.7701
Success Rate of Reversal Target (%S): 0.54%
Success Rate of Reversal Deduced (%S): 0.52%

Size of test: 5000
Setting up [LPIPS] perceptual loss: trunk [alex], v[0.1], spatial [off]
Loading model from: /nas-ctm01/homes/dacordeiro/.conda/envs/demorph/lib/python3.10/site-packages/lpips/weights/v0.1/alex.pth

--- One-Shot Evaluation Metrics (Entire Test Set) ---
SSIM Target: 0.0181
SSIM Deduced: 0.0174
PSNR Target: 7.4228
PSNR Deduced: 7.4149
LPIPS Target: 0.7698
LPIPS Deduced: 0.7703
Success Rate of Reversal Target (%S): 0.52%
Success Rate of Reversal Deduced (%S): 0.52%

[1;34mwandb[0m: 
[1;34mwandb[0m: 🚀 View run [33mavg_flowers_randPixelSwap[0m at: [34mhttps://wandb.ai/davcordeiro03-inesc-tec/Face-DM/runs/wqlq9sr1[0m
[1;34mwandb[0m: Find logs at: [1;35mwandb/run-20260403_003724-wqlq9sr1/logs[0m
