/nas-ctm01/homes/dacordeiro/.conda/envs/test/lib/python3.10/site-packages/diffusers/training_utils.py:542: FutureWarning: The `max_value` argument is deprecated. Please use `decay` instead.
  deprecate("max_value", "1.0.0", deprecation_message, standard_warn=False)
wandb: [wandb.login()] Loaded credentials for https://api.wandb.ai from /nas-ctm01/homes/dacordeiro/.netrc.
wandb: Currently logged in as: davcordeiro03 (davcordeiro03-inesc-tec) to https://api.wandb.ai. Use `wandb login --relogin` to force relogin
wandb: setting up run jirvxltz
wandb: Tracking run with wandb version 0.26.0
wandb: Run data is saved locally in /nas-ctm01/homes/dacordeiro/Face-DM/wandb/run-20260421_100922-jirvxltz
wandb: Run `wandb offline` to turn off syncing.
wandb: Syncing run lt_avg_mag_10
wandb: ⭐️ View project at https://wandb.ai/davcordeiro03-inesc-tec/Face-DM
wandb: 🚀 View run at https://wandb.ai/davcordeiro03-inesc-tec/Face-DM/runs/jirvxltz
Traceback (most recent call last):
  File "/nas-ctm01/homes/dacordeiro/Face-DM/train_semantic.py", line 545, in <module>
    launch()
  File "/nas-ctm01/homes/dacordeiro/Face-DM/train_semantic.py", line 538, in launch
    train(args)
  File "/nas-ctm01/homes/dacordeiro/Face-DM/train_semantic.py", line 293, in train
    optimizer.step()
  File "/nas-ctm01/homes/dacordeiro/.conda/envs/test/lib/python3.10/site-packages/accelerate/optimizer.py", line 166, in step
    self.scaler.step(self.optimizer, closure)
  File "/nas-ctm01/homes/dacordeiro/.conda/envs/test/lib/python3.10/site-packages/torch/amp/grad_scaler.py", line 461, in step
    retval = self._maybe_opt_step(optimizer, optimizer_state, *args, **kwargs)
  File "/nas-ctm01/homes/dacordeiro/.conda/envs/test/lib/python3.10/site-packages/torch/amp/grad_scaler.py", line 355, in _maybe_opt_step
    if not sum(v.item() for v in optimizer_state["found_inf_per_device"].values()):
  File "/nas-ctm01/homes/dacordeiro/.conda/envs/test/lib/python3.10/site-packages/torch/amp/grad_scaler.py", line 355, in <genexpr>
    if not sum(v.item() for v in optimizer_state["found_inf_per_device"].values()):
RuntimeError: CUDA error: an illegal memory access was encountered
CUDA kernel errors might be asynchronously reported at some other API call, so the stacktrace below might be incorrect.
For debugging consider passing CUDA_LAUNCH_BLOCKING=1
Compile with `TORCH_USE_CUDA_DSA` to enable device-side assertions.

Traceback (most recent call last):
  File "/nas-ctm01/homes/dacordeiro/Face-DM/train_semantic.py", line 545, in <module>
    launch()
  File "/nas-ctm01/homes/dacordeiro/Face-DM/train_semantic.py", line 538, in launch
    train(args)
  File "/nas-ctm01/homes/dacordeiro/Face-DM/train_semantic.py", line 293, in train
    optimizer.step()
  File "/nas-ctm01/homes/dacordeiro/.conda/envs/test/lib/python3.10/site-packages/accelerate/optimizer.py", line 166, in step
    self.scaler.step(self.optimizer, closure)
  File "/nas-ctm01/homes/dacordeiro/.conda/envs/test/lib/python3.10/site-packages/torch/amp/grad_scaler.py", line 461, in step
    retval = self._maybe_opt_step(optimizer, optimizer_state, *args, **kwargs)
  File "/nas-ctm01/homes/dacordeiro/.conda/envs/test/lib/python3.10/site-packages/torch/amp/grad_scaler.py", line 355, in _maybe_opt_step
    if not sum(v.item() for v in optimizer_state["found_inf_per_device"].values()):
  File "/nas-ctm01/homes/dacordeiro/.conda/envs/test/lib/python3.10/site-packages/torch/amp/grad_scaler.py", line 355, in <genexpr>
    if not sum(v.item() for v in optimizer_state["found_inf_per_device"].values()):
RuntimeError: CUDA error: an illegal memory access was encountered
CUDA kernel errors might be asynchronously reported at some other API call, so the stacktrace below might be incorrect.
For debugging consider passing CUDA_LAUNCH_BLOCKING=1
Compile with `TORCH_USE_CUDA_DSA` to enable device-side assertions.

