Size of train: 35945
Size of test: 5000
Size of test: 5000
Setting up [LPIPS] perceptual loss: trunk [alex], v[0.1], spatial [off]
Loading model from: /nas-ctm01/homes/dacordeiro/.conda/envs/demorph/lib/python3.10/site-packages/lpips/weights/v0.1/alex.pth

--- Iterative Evaluation Metrics (Permutation-Invariant Matching) ---
SSIM Image 1: 0.6084
SSIM Image 2: 0.6063
PSNR Image 1: 18.0127
PSNR Image 2: 17.9204
LPIPS Image 1: 0.2104
LPIPS Image 2: 0.2139
Success Rate Image 1 (%S): 58.00%
Success Rate Image 2 (%S): 57.20%

Size of test: 5000
Setting up [LPIPS] perceptual loss: trunk [alex], v[0.1], spatial [off]
Loading model from: /nas-ctm01/homes/dacordeiro/.conda/envs/demorph/lib/python3.10/site-packages/lpips/weights/v0.1/alex.pth

--- One-Shot Evaluation Metrics (Permutation-Invariant Matching) ---
SSIM Image 1: 0.7133
SSIM Image 2: 0.7149
PSNR Image 1: 20.6643
PSNR Image 2: 20.6513
LPIPS Image 1: 0.0947
LPIPS Image 2: 0.0942
Success Rate Image 1 (%S): 96.40%
Success Rate Image 2 (%S): 96.42%

[1;34mwandb[0m: 
[1;34mwandb[0m: 🚀 View run [33mavg_flowers_pid_6-channel[0m at: [34mhttps://wandb.ai/davcordeiro03-inesc-tec/Face-DM/runs/r31qsp3m[0m
[1;34mwandb[0m: Find logs at: [1;35mwandb/run-20260323_213903-r31qsp3m/logs[0m
