Size of train: 35945
Size of test: 5000
Size of test: 5000
Setting up [LPIPS] perceptual loss: trunk [alex], v[0.1], spatial [off]
Loading model from: /nas-ctm01/homes/dacordeiro/.conda/envs/demorph/lib/python3.10/site-packages/lpips/weights/v0.1/alex.pth

--- One-Shot Evaluation Metrics (Entire Test Set) ---
SSIM Target: 0.6625
SSIM Deduced: 0.5861
PSNR Target: 18.6580
PSNR Deduced: 18.6373
LPIPS Target: 0.1588
LPIPS Deduced: 0.1891
Success Rate of Reversal Target (%S): 74.38%
Success Rate of Reversal Deduced (%S): 71.50%

Size of test: 5000
Setting up [LPIPS] perceptual loss: trunk [alex], v[0.1], spatial [off]
Loading model from: /nas-ctm01/homes/dacordeiro/.conda/envs/demorph/lib/python3.10/site-packages/lpips/weights/v0.1/alex.pth

--- One-Shot Evaluation Metrics (Entire Test Set) ---
SSIM Target: 0.6555
SSIM Deduced: 0.5957
PSNR Target: 18.6409
PSNR Deduced: 18.6440
LPIPS Target: 0.1631
LPIPS Deduced: 0.1775
Success Rate of Reversal Target (%S): 74.48%
Success Rate of Reversal Deduced (%S): 74.20%

[1;34mwandb[0m: 
[1;34mwandb[0m: 🚀 View run [33mavg_flowers_pip[0m at: [34mhttps://wandb.ai/davcordeiro03-inesc-tec/Face-DM/runs/292bl5ne[0m
[1;34mwandb[0m: Find logs at: [1;35mwandb/run-20260401_111932-292bl5ne/logs[0m
