Size of train: 35945
Size of test: 5000
Size of test: 5000
Setting up [LPIPS] perceptual loss: trunk [alex], v[0.1], spatial [off]
Loading model from: /nas-ctm01/homes/dacordeiro/.conda/envs/demorph/lib/python3.10/site-packages/lpips/weights/v0.1/alex.pth

--- Iterative Evaluation Metrics (Permutation-Invariant Matching) ---
SSIM Image 1: 0.6912
SSIM Image 2: 0.6921
PSNR Image 1: 19.9083
PSNR Image 2: 19.9158
LPIPS Image 1: 0.1074
LPIPS Image 2: 0.1082
Success Rate Image 1 (%S): 93.46%
Success Rate Image 2 (%S): 93.50%

Size of test: 5000
Setting up [LPIPS] perceptual loss: trunk [alex], v[0.1], spatial [off]
Loading model from: /nas-ctm01/homes/dacordeiro/.conda/envs/demorph/lib/python3.10/site-packages/lpips/weights/v0.1/alex.pth

--- One-Shot Evaluation Metrics (Permutation-Invariant Matching) ---
SSIM Image 1: 0.6965
SSIM Image 2: 0.6978
PSNR Image 1: 20.2100
PSNR Image 2: 20.1988
LPIPS Image 1: 0.1048
LPIPS Image 2: 0.1048
Success Rate Image 1 (%S): 95.32%
Success Rate Image 2 (%S): 94.82%

[1;34mwandb[0m: 
[1;34mwandb[0m: 🚀 View run [33mavg_flowers_pid_6-channel[0m at: [34mhttps://wandb.ai/davcordeiro03-inesc-tec/Face-DM/runs/p5ieads2[0m
[1;34mwandb[0m: Find logs at: [1;35mwandb/run-20260323_183249-p5ieads2/logs[0m
