Size of train: 35945
Size of test: 5000
Size of test: 5000
Setting up [LPIPS] perceptual loss: trunk [alex], v[0.1], spatial [off]
Loading model from: /nas-ctm01/homes/dacordeiro/.conda/envs/demorph/lib/python3.10/site-packages/lpips/weights/v0.1/alex.pth

--- One-Shot Evaluation Metrics (Entire Test Set) ---
SSIM Target: 0.7170
SSIM Deduced: 0.6018
PSNR Target: 19.6165
PSNR Deduced: 18.8982
LPIPS Target: 0.1135
LPIPS Deduced: 0.1869
Success Rate of Reversal Target (%S): 81.56%
Success Rate of Reversal Deduced (%S): 74.44%

Size of test: 5000
Setting up [LPIPS] perceptual loss: trunk [alex], v[0.1], spatial [off]
Loading model from: /nas-ctm01/homes/dacordeiro/.conda/envs/demorph/lib/python3.10/site-packages/lpips/weights/v0.1/alex.pth

--- One-Shot Evaluation Metrics (Entire Test Set) ---
SSIM Target: 0.7087
SSIM Deduced: 0.6397
PSNR Target: 19.4469
PSNR Deduced: 19.4399
LPIPS Target: 0.1182
LPIPS Deduced: 0.1514
Success Rate of Reversal Target (%S): 81.54%
Success Rate of Reversal Deduced (%S): 80.12%

[1;34mwandb[0m: 
[1;34mwandb[0m: 🚀 View run [33mavg_flowers_lpipsSorted_6-channel[0m at: [34mhttps://wandb.ai/davcordeiro03-inesc-tec/Face-DM/runs/tjpd7sl7[0m
[1;34mwandb[0m: Find logs at: [1;35mwandb/run-20260323_110028-tjpd7sl7/logs[0m
