Size of val: 1638 source images, 5000 deterministic pairs
Setting up [LPIPS] perceptual loss: trunk [alex], v[0.1], spatial [off]
Loading model from: /nas-ctm01/homes/dacordeiro/.conda/envs/demorph/lib/python3.10/site-packages/lpips/weights/v0.1/alex.pth

--- Iterative Evaluation Metrics (Entire Validation Set) ---
SSIM Bright: 0.7583
SSIM Dark: 0.7049
PSNR Bright: 20.9209
PSNR Dark: 20.9127
LPIPS Bright: 0.0846
LPIPS Dark: 0.0943
Success Rate Bright (%S): 95.98%
Success Rate Dark (%S): 96.56%

Size of val: 1638 source images, 5000 deterministic pairs
Setting up [LPIPS] perceptual loss: trunk [alex], v[0.1], spatial [off]
Loading model from: /nas-ctm01/homes/dacordeiro/.conda/envs/demorph/lib/python3.10/site-packages/lpips/weights/v0.1/alex.pth

--- One-Shot Evaluation Metrics (Entire Validation Set) ---
SSIM Bright: 0.7295
SSIM Dark: 0.6773
PSNR Bright: 20.1878
PSNR Dark: 20.1874
LPIPS Bright: 0.1125
LPIPS Dark: 0.1181
Success Rate Bright (%S): 96.14%
Success Rate Dark (%S): 95.94%

