Size of train: 35945
Size of test: 5000
Size of test: 5000
Setting up [LPIPS] perceptual loss: trunk [alex], v[0.1], spatial [off]
Loading model from: /nas-ctm01/homes/dacordeiro/.conda/envs/demorph/lib/python3.10/site-packages/lpips/weights/v0.1/alex.pth

Metrics organized by original images:
SSIM Original: 0.7206418313560362
SSIM Added: 0.6393653259885154
PSNR Original: 19.800366309084602
PSNR Added: 19.785539796039988
LPIPS Original: 0.11204709112644196
LPIPS Added: 0.15335220098495483
Success Rate of Reversal (%S): 81.83%

Size of test: 5000
Setting up [LPIPS] perceptual loss: trunk [alex], v[0.1], spatial [off]
Loading model from: /nas-ctm01/homes/dacordeiro/.conda/envs/demorph/lib/python3.10/site-packages/lpips/weights/v0.1/alex.pth

--- One-Shot Evaluation Metrics (Entire Test Set) ---
SSIM Original: 0.7138
SSIM Added: 0.6432
PSNR Original: 19.6909
PSNR Added: 19.6925
LPIPS Original: 0.1171
LPIPS Added: 0.1475
Success Rate of Reversal (%S): 82.09%

[1;34mwandb[0m: 
[1;34mwandb[0m: 🚀 View run [33mavg_flowers_lpipsSorted[0m at: [34mhttps://wandb.ai/davcordeiro03-inesc-tec/Face-DM/runs/4pwq5il1[0m
[1;34mwandb[0m: Find logs at: [1;35mwandb/run-20260317_213256-4pwq5il1/logs[0m
