/nas-ctm01/homes/dacordeiro/Face-DM/utils_semantic.py:33: FutureWarning: You are using `torch.load` with `weights_only=False` (the current default value), which uses the default pickle module implicitly. It is possible to construct malicious pickle data which will execute arbitrary code during unpickling (See https://github.com/pytorch/pytorch/blob/main/SECURITY.md#untrusted-models for more details). In a future release, the default value for `weights_only` will be flipped to `True`. This limits the functions that could be executed during unpickling. Arbitrary objects will no longer be allowed to be loaded via this mode unless they are explicitly allowlisted by the user via `torch.serialization.add_safe_globals`. We recommend you start setting `weights_only=True` for any use case where you don't have full control of the loaded file. Please open an issue on GitHub for any issues related to this experimental feature.
  pack = torch.load(split_path, map_location="cpu")
/nas-ctm01/homes/dacordeiro/Face-DM/train_semantic.py:300: FutureWarning: You are using `torch.load` with `weights_only=False` (the current default value), which uses the default pickle module implicitly. It is possible to construct malicious pickle data which will execute arbitrary code during unpickling (See https://github.com/pytorch/pytorch/blob/main/SECURITY.md#untrusted-models for more details). In a future release, the default value for `weights_only` will be flipped to `True`. This limits the functions that could be executed during unpickling. Arbitrary objects will no longer be allowed to be loaded via this mode unless they are explicitly allowlisted by the user via `torch.serialization.add_safe_globals`. We recommend you start setting `weights_only=True` for any use case where you don't have full control of the loaded file. Please open an issue on GitHub for any issues related to this experimental feature.
  sample_pack = torch.load(os.path.join(args.dataset_root, "semantic", "train_zsem.pt"), map_location="cpu")
/nas-ctm01/homes/dacordeiro/.conda/envs/demorph/lib/python3.10/site-packages/diffusers/training_utils.py:456: FutureWarning: The `max_value` argument is deprecated. Please use `decay` instead.
  deprecate("max_value", "1.0.0", deprecation_message, standard_warn=False)
wandb: [wandb.login()] Loaded credentials for https://api.wandb.ai from /nas-ctm01/homes/dacordeiro/.netrc.
wandb: Currently logged in as: davcordeiro03 (davcordeiro03-inesc-tec) to https://api.wandb.ai. Use `wandb login --relogin` to force relogin
wandb: setting up run 33lwttaf
wandb: Tracking run with wandb version 0.25.0
wandb: Run data is saved locally in /nas-ctm01/homes/dacordeiro/Face-DM/wandb/run-20260413_183707-33lwttaf
wandb: Run `wandb offline` to turn off syncing.
wandb: Syncing run latent_avg_faces_cos
wandb: ⭐️ View project at https://wandb.ai/davcordeiro03-inesc-tec/Face-DM
wandb: 🚀 View run at https://wandb.ai/davcordeiro03-inesc-tec/Face-DM/runs/33lwttaf
/nas-ctm01/homes/dacordeiro/Face-DM/utils_semantic.py:33: FutureWarning: You are using `torch.load` with `weights_only=False` (the current default value), which uses the default pickle module implicitly. It is possible to construct malicious pickle data which will execute arbitrary code during unpickling (See https://github.com/pytorch/pytorch/blob/main/SECURITY.md#untrusted-models for more details). In a future release, the default value for `weights_only` will be flipped to `True`. This limits the functions that could be executed during unpickling. Arbitrary objects will no longer be allowed to be loaded via this mode unless they are explicitly allowlisted by the user via `torch.serialization.add_safe_globals`. We recommend you start setting `weights_only=True` for any use case where you don't have full control of the loaded file. Please open an issue on GitHub for any issues related to this experimental feature.
  pack = torch.load(split_path, map_location="cpu")
/nas-ctm01/homes/dacordeiro/Face-DM/train_semantic.py:405: FutureWarning: You are using `torch.load` with `weights_only=False` (the current default value), which uses the default pickle module implicitly. It is possible to construct malicious pickle data which will execute arbitrary code during unpickling (See https://github.com/pytorch/pytorch/blob/main/SECURITY.md#untrusted-models for more details). In a future release, the default value for `weights_only` will be flipped to `True`. This limits the functions that could be executed during unpickling. Arbitrary objects will no longer be allowed to be loaded via this mode unless they are explicitly allowlisted by the user via `torch.serialization.add_safe_globals`. We recommend you start setting `weights_only=True` for any use case where you don't have full control of the loaded file. Please open an issue on GitHub for any issues related to this experimental feature.
  sample_pack = torch.load(os.path.join(args.dataset_root, "semantic", "train_zsem.pt"), map_location="cpu")
/nas-ctm01/homes/dacordeiro/Face-DM/train_semantic.py:420: FutureWarning: You are using `torch.load` with `weights_only=False` (the current default value), which uses the default pickle module implicitly. It is possible to construct malicious pickle data which will execute arbitrary code during unpickling (See https://github.com/pytorch/pytorch/blob/main/SECURITY.md#untrusted-models for more details). In a future release, the default value for `weights_only` will be flipped to `True`. This limits the functions that could be executed during unpickling. Arbitrary objects will no longer be allowed to be loaded via this mode unless they are explicitly allowlisted by the user via `torch.serialization.add_safe_globals`. We recommend you start setting `weights_only=True` for any use case where you don't have full control of the loaded file. Please open an issue on GitHub for any issues related to this experimental feature.
  accelerator.unwrap_model(model).load_state_dict(torch.load(model_path, map_location=device))
