
--- One-Shot Evaluation Metrics (Entire Test Set) ---
MSE Target: 0.119278
MSE Deduced: 0.119278
MSE Mean: 0.119278
Cosine Similarity Target: 0.873671
Cosine Similarity Deduced: 0.873333
Cosine Similarity Mean: 0.873502
Saved OneShot labeled image row to: experiments/lt_avg_flower_flower_pid/results/oneshot_8_tile_row_labeled.png


--- Regular Evaluation Metrics (Entire Test Set) ---
MSE Target: 0.126534
MSE Deduced: 0.126534
MSE Mean: 0.126534
Cosine Similarity Target: 0.866879
Cosine Similarity Deduced: 0.866571
Cosine Similarity Mean: 0.866725
Saved Regular labeled image row to: experiments/lt_avg_flower_flower_pid/results/regular_8_tile_row_labeled.png

Starting decoder sanity check on cuda...
Loading matched UnCLIP pipeline...
Encoding the real images with the pipeline's own encoder...
Decoding the re-encoded embeddings...
Saved sanity-check row to: experiments/lt_avg_flower_flower_pid/results/decoder_single_image_sanity_check_64x64.png
[1;34mwandb[0m: 
[1;34mwandb[0m: 🚀 View run [33mlt_avg_flower_flower_pid[0m at: [34mhttps://wandb.ai/davcordeiro03-inesc-tec/Face-DM/runs/tfz8cjj1[0m
[1;34mwandb[0m: Find logs at: [1;35mwandb/run-20260405_231354-tfz8cjj1/logs[0m
