Aligning train dataset pairs to the global mean...
Aligning test dataset pairs to the global mean...
Aligning test dataset pairs to the global mean...

--- One-Shot Evaluation Metrics (Entire Test Set) ---
MSE Target: 0.048351
MSE Deduced: 0.048351
MSE Mean: 0.048351
Cosine Similarity Target: 0.948169
Cosine Similarity Deduced: 0.946853
Cosine Similarity Mean: 0.947511
Saved OneShot labeled image row to: experiments/lt_avg_flower_flower_mean_1000ts/results/oneshot_8_tile_row_labeled.png

Aligning test dataset pairs to the global mean...

--- Regular Evaluation Metrics (Entire Test Set) ---
MSE Target: 0.052765
MSE Deduced: 0.052765
MSE Mean: 0.052765
Cosine Similarity Target: 0.944041
Cosine Similarity Deduced: 0.942262
Cosine Similarity Mean: 0.943152
Saved Regular labeled image row to: experiments/lt_avg_flower_flower_mean_1000ts/results/regular_8_tile_row_labeled.png

[1;34mwandb[0m: 
[1;34mwandb[0m: 🚀 View run [33mlt_avg_flower_flower_mean_1000ts[0m at: [34mhttps://wandb.ai/davcordeiro03-inesc-tec/Face-DM/runs/lg3y5y70[0m
[1;34mwandb[0m: Find logs at: [1;35mwandb/run-20260406_123742-lg3y5y70/logs[0m
