Size of train: 6551 source images, 36000 sampled pairs per epoch/pass
Size of test: 1638 source images, 5000 sampled pairs per epoch/pass
Size of test: 1638 source images, 5000 sampled pairs per epoch/pass
Setting up [LPIPS] perceptual loss: trunk [alex], v[0.1], spatial [off]
Loading model from: /nas-ctm01/homes/dacordeiro/.conda/envs/demorph/lib/python3.10/site-packages/lpips/weights/v0.1/alex.pth

--- TACoS Sampling Evaluation Metrics (Entire Test Set) ---
SSIM Target: 0.2989
SSIM Deduced: 0.4720
PSNR Target: 12.9176
PSNR Deduced: 13.8639
LPIPS Target: 0.3325
LPIPS Deduced: 0.2754
Success Rate of Reversal Target (%S): 4.62%
Success Rate of Reversal Deduced (%S): 32.80%

Size of test: 1638 source images, 5000 sampled pairs per epoch/pass
Setting up [LPIPS] perceptual loss: trunk [alex], v[0.1], spatial [off]
Loading model from: /nas-ctm01/homes/dacordeiro/.conda/envs/demorph/lib/python3.10/site-packages/lpips/weights/v0.1/alex.pth

--- One-Shot Evaluation Metrics (Entire Test Set) ---
SSIM Target: 0.5169
SSIM Deduced: 0.5353
PSNR Target: 15.3579
PSNR Deduced: 15.4257
LPIPS Target: 0.2607
LPIPS Deduced: 0.2612
Success Rate of Reversal Target (%S): 18.44%
Success Rate of Reversal Deduced (%S): 28.50%

[1;34mwandb[0m: 
[1;34mwandb[0m: 🚀 View run [33mavg_coupled_hot_cold[0m at: [34mhttps://wandb.ai/davcordeiro03-inesc-tec/Face-DM/runs/ji15p17y[0m
[1;34mwandb[0m: Find logs at: [1;35mwandb/run-20260409_133145-ji15p17y/logs[0m
