Aligning train dataset pairs to the global mean...
Aligning test dataset pairs to the global mean...
Aligning test dataset pairs to the global mean...

--- One-Shot Evaluation Metrics (Entire Test Set) ---
MSE Target: 0.047756
MSE Deduced: 0.047756
MSE Mean: 0.047756
Cosine Similarity Target: 0.948791
Cosine Similarity Deduced: 0.947594
Cosine Similarity Mean: 0.948192
Saved OneShot labeled image row to: experiments/lt_avg_flower_flower_mean/results/oneshot_8_tile_row_labeled.png

Aligning test dataset pairs to the global mean...

--- Regular Evaluation Metrics (Entire Test Set) ---
MSE Target: 0.051071
MSE Deduced: 0.051071
MSE Mean: 0.051071
Cosine Similarity Target: 0.945779
Cosine Similarity Deduced: 0.944032
Cosine Similarity Mean: 0.944906
Saved Regular labeled image row to: experiments/lt_avg_flower_flower_mean/results/regular_8_tile_row_labeled.png

Starting decoder sanity check on cuda...
Aligning test dataset pairs to the global mean...
Loading matched UnCLIP pipeline...
Encoding the real images with the pipeline's own encoder...
Decoding the re-encoded embeddings...
Saved sanity-check row to: experiments/lt_avg_flower_flower_mean/results/decoder_single_image_sanity_check_64x64.png
[1;34mwandb[0m: 
[1;34mwandb[0m: 🚀 View run [33mlt_avg_flower_flower_mean[0m at: [34mhttps://wandb.ai/davcordeiro03-inesc-tec/Face-DM/runs/1mekujte[0m
[1;34mwandb[0m: Find logs at: [1;35mwandb/run-20260406_113355-1mekujte/logs[0m
