Size of train: 35945
Size of test: 5000
Size of test: 5000
Setting up [LPIPS] perceptual loss: trunk [alex], v[0.1], spatial [off]
Loading model from: /nas-ctm01/homes/dacordeiro/.conda/envs/demorph/lib/python3.10/site-packages/lpips/weights/v0.1/alex.pth

--- One-Shot Evaluation Metrics (Entire Test Set) ---
SSIM Target: 0.6838
SSIM Deduced: 0.6158
PSNR Target: 19.2465
PSNR Deduced: 19.2282
LPIPS Target: 0.1436
LPIPS Deduced: 0.1690
Success Rate of Reversal Target (%S): 76.96%
Success Rate of Reversal Deduced (%S): 74.62%

Size of test: 5000
Setting up [LPIPS] perceptual loss: trunk [alex], v[0.1], spatial [off]
Loading model from: /nas-ctm01/homes/dacordeiro/.conda/envs/demorph/lib/python3.10/site-packages/lpips/weights/v0.1/alex.pth

--- One-Shot Evaluation Metrics (Entire Test Set) ---
SSIM Target: 0.6833
SSIM Deduced: 0.6286
PSNR Target: 19.3188
PSNR Deduced: 19.3158
LPIPS Target: 0.1467
LPIPS Deduced: 0.1561
Success Rate of Reversal Target (%S): 78.58%
Success Rate of Reversal Deduced (%S): 78.42%

[1;34mwandb[0m: 
[1;34mwandb[0m: 🚀 View run [33mavg_flowers_default[0m at: [34mhttps://wandb.ai/davcordeiro03-inesc-tec/Face-DM/runs/761d5fkc[0m
[1;34mwandb[0m: Find logs at: [1;35mwandb/run-20260331_222851-761d5fkc/logs[0m
