Size of train: 6551 source images, 36000 random pairs
Size of val: 1638 source images, 5000 deterministic pairs
Size of val: 1638 source images, 5000 deterministic pairs
Setting up [LPIPS] perceptual loss: trunk [alex], v[0.1], spatial [off]
Loading model from: /nas-ctm01/homes/dacordeiro/.conda/envs/demorph/lib/python3.10/site-packages/lpips/weights/v0.1/alex.pth

--- Iterative Evaluation Metrics (Entire Validation Set) ---
SSIM Bright: 0.7704
SSIM Dark: 0.7203
PSNR Bright: 21.3636
PSNR Dark: 21.3614
LPIPS Bright: 0.0769
LPIPS Dark: 0.0855
Success Rate Bright (%S): 96.92%
Success Rate Dark (%S): 96.94%

Size of val: 1638 source images, 5000 deterministic pairs
Setting up [LPIPS] perceptual loss: trunk [alex], v[0.1], spatial [off]
Loading model from: /nas-ctm01/homes/dacordeiro/.conda/envs/demorph/lib/python3.10/site-packages/lpips/weights/v0.1/alex.pth

--- One-Shot Evaluation Metrics (Entire Validation Set) ---
SSIM Bright: 0.7390
SSIM Dark: 0.6921
PSNR Bright: 20.5478
PSNR Dark: 20.5481
LPIPS Bright: 0.1048
LPIPS Dark: 0.1085
Success Rate Bright (%S): 96.08%
Success Rate Dark (%S): 96.02%

[1;34mwandb[0m: 
[1;34mwandb[0m: 🚀 View run [33mavg_default_branched[0m at: [34mhttps://wandb.ai/davcordeiro03-inesc-tec/Face-DM/runs/sws6f63l[0m
[1;34mwandb[0m: Find logs at: [1;35mwandb/run-20260410_225734-sws6f63l/logs[0m
