Loaded train: 9999 valid rows from 10000 common rows (semantic rows=63000, identity rows=10000)
Loaded val: 7000 valid rows from 7000 common rows (semantic rows=7000, identity rows=7000)

Training identity projector
Dataset root: /nas-ctm01/homes/dacordeiro/Face-DM/encoded_ffhq256_semantic_split
Output path:  /nas-ctm01/homes/dacordeiro/Face-DM/encoded_ffhq256_semantic_split/identity/identity_projector.pt
Train rows:   9999
Val rows:     7000
Device:       cuda

Epoch 001 | train loss 0.901842 | train cos 0.098158 | val cos 0.158055 | val p05 0.035917 | val top1 0.0500 | saved best
Epoch 002 | train loss 0.752132 | train cos 0.247868 | val cos 0.216612 | val p05 0.082178 | val top1 0.2450 | saved best
Epoch 003 | train loss 0.680937 | train cos 0.319063 | val cos 0.232687 | val p05 0.096603 | val top1 0.3284 | saved best
Epoch 004 | train loss 0.632376 | train cos 0.367624 | val cos 0.235647 | val p05 0.096840 | val top1 0.3579 | saved best
Epoch 005 | train loss 0.590123 | train cos 0.409877 | val cos 0.232688 | val p05 0.092376 | val top1 0.3519
Epoch 006 | train loss 0.551569 | train cos 0.448431 | val cos 0.229448 | val p05 0.087067 | val top1 0.3429
Epoch 007 | train loss 0.515959 | train cos 0.484041 | val cos 0.224257 | val p05 0.082945 | val top1 0.3281
Epoch 008 | train loss 0.484435 | train cos 0.515565 | val cos 0.219952 | val p05 0.078842 | val top1 0.3096
Epoch 009 | train loss 0.456356 | train cos 0.543644 | val cos 0.216024 | val p05 0.072169 | val top1 0.2891
Epoch 010 | train loss 0.432721 | train cos 0.567279 | val cos 0.211780 | val p05 0.071344 | val top1 0.2743
Epoch 011 | train loss 0.410570 | train cos 0.589430 | val cos 0.208488 | val p05 0.066953 | val top1 0.2541
Epoch 012 | train loss 0.391840 | train cos 0.608160 | val cos 0.205320 | val p05 0.062861 | val top1 0.2469
Epoch 013 | train loss 0.374515 | train cos 0.625485 | val cos 0.203327 | val p05 0.060785 | val top1 0.2417
Epoch 014 | train loss 0.359202 | train cos 0.640798 | val cos 0.199387 | val p05 0.055914 | val top1 0.2211
Epoch 015 | train loss 0.345847 | train cos 0.654153 | val cos 0.196739 | val p05 0.054697 | val top1 0.2200
Epoch 016 | train loss 0.332863 | train cos 0.667137 | val cos 0.194516 | val p05 0.052464 | val top1 0.2133
Epoch 017 | train loss 0.322178 | train cos 0.677822 | val cos 0.191813 | val p05 0.049789 | val top1 0.2043
Epoch 018 | train loss 0.311164 | train cos 0.688836 | val cos 0.189631 | val p05 0.047857 | val top1 0.1973
Epoch 019 | train loss 0.301710 | train cos 0.698290 | val cos 0.187293 | val p05 0.045168 | val top1 0.1917
Epoch 020 | train loss 0.292935 | train cos 0.707065 | val cos 0.185624 | val p05 0.041200 | val top1 0.1846
Epoch 021 | train loss 0.285013 | train cos 0.714987 | val cos 0.183590 | val p05 0.041392 | val top1 0.1797
Epoch 022 | train loss 0.277711 | train cos 0.722289 | val cos 0.182155 | val p05 0.039903 | val top1 0.1759
Epoch 023 | train loss 0.270473 | train cos 0.729527 | val cos 0.179667 | val p05 0.038243 | val top1 0.1724
Epoch 024 | train loss 0.264521 | train cos 0.735479 | val cos 0.178201 | val p05 0.037006 | val top1 0.1669
Epoch 025 | train loss 0.258481 | train cos 0.741519 | val cos 0.177247 | val p05 0.038038 | val top1 0.1610
Epoch 026 | train loss 0.252760 | train cos 0.747240 | val cos 0.175048 | val p05 0.035254 | val top1 0.1587
Epoch 027 | train loss 0.247452 | train cos 0.752548 | val cos 0.174527 | val p05 0.034823 | val top1 0.1544
Epoch 028 | train loss 0.242691 | train cos 0.757309 | val cos 0.172135 | val p05 0.033904 | val top1 0.1567
Epoch 029 | train loss 0.238269 | train cos 0.761731 | val cos 0.171718 | val p05 0.032891 | val top1 0.1530
Epoch 030 | train loss 0.233638 | train cos 0.766362 | val cos 0.169987 | val p05 0.031173 | val top1 0.1426
Epoch 031 | train loss 0.229273 | train cos 0.770727 | val cos 0.169360 | val p05 0.032665 | val top1 0.1450
Epoch 032 | train loss 0.225556 | train cos 0.774444 | val cos 0.168532 | val p05 0.028956 | val top1 0.1409
Epoch 033 | train loss 0.221525 | train cos 0.778475 | val cos 0.167067 | val p05 0.030413 | val top1 0.1396
Epoch 034 | train loss 0.218141 | train cos 0.781859 | val cos 0.166323 | val p05 0.029081 | val top1 0.1359
Epoch 035 | train loss 0.215068 | train cos 0.784932 | val cos 0.164795 | val p05 0.027311 | val top1 0.1320
Epoch 036 | train loss 0.211852 | train cos 0.788148 | val cos 0.164472 | val p05 0.027834 | val top1 0.1343
Epoch 037 | train loss 0.208587 | train cos 0.791413 | val cos 0.163004 | val p05 0.024511 | val top1 0.1286
Epoch 038 | train loss 0.205812 | train cos 0.794188 | val cos 0.162322 | val p05 0.024821 | val top1 0.1263
Epoch 039 | train loss 0.203245 | train cos 0.796755 | val cos 0.161788 | val p05 0.023152 | val top1 0.1276
Epoch 040 | train loss 0.200578 | train cos 0.799422 | val cos 0.160977 | val p05 0.023285 | val top1 0.1250
Epoch 041 | train loss 0.197861 | train cos 0.802139 | val cos 0.159865 | val p05 0.024236 | val top1 0.1227
Epoch 042 | train loss 0.195542 | train cos 0.804458 | val cos 0.159102 | val p05 0.023557 | val top1 0.1216
Epoch 043 | train loss 0.193226 | train cos 0.806774 | val cos 0.158715 | val p05 0.021941 | val top1 0.1221
Epoch 044 | train loss 0.191259 | train cos 0.808741 | val cos 0.157754 | val p05 0.022877 | val top1 0.1193
Epoch 045 | train loss 0.188805 | train cos 0.811195 | val cos 0.156844 | val p05 0.021318 | val top1 0.1186
Epoch 046 | train loss 0.186416 | train cos 0.813584 | val cos 0.156349 | val p05 0.019726 | val top1 0.1186
Epoch 047 | train loss 0.184386 | train cos 0.815614 | val cos 0.156184 | val p05 0.020566 | val top1 0.1137
Epoch 048 | train loss 0.182543 | train cos 0.817457 | val cos 0.155497 | val p05 0.019168 | val top1 0.1147
Epoch 049 | train loss 0.180821 | train cos 0.819179 | val cos 0.153953 | val p05 0.018633 | val top1 0.1116
Epoch 050 | train loss 0.179185 | train cos 0.820815 | val cos 0.153696 | val p05 0.017982 | val top1 0.1137
Epoch 051 | train loss 0.177558 | train cos 0.822442 | val cos 0.153264 | val p05 0.017335 | val top1 0.1124
Epoch 052 | train loss 0.175653 | train cos 0.824347 | val cos 0.152223 | val p05 0.016206 | val top1 0.1107
Epoch 053 | train loss 0.173992 | train cos 0.826008 | val cos 0.151963 | val p05 0.016112 | val top1 0.1110
Epoch 054 | train loss 0.172505 | train cos 0.827495 | val cos 0.151595 | val p05 0.015330 | val top1 0.1089
Epoch 055 | train loss 0.171125 | train cos 0.828875 | val cos 0.150780 | val p05 0.015531 | val top1 0.1104
Epoch 056 | train loss 0.169535 | train cos 0.830465 | val cos 0.150310 | val p05 0.016206 | val top1 0.1091
Epoch 057 | train loss 0.168274 | train cos 0.831726 | val cos 0.149928 | val p05 0.014575 | val top1 0.1080
Epoch 058 | train loss 0.166662 | train cos 0.833338 | val cos 0.149354 | val p05 0.014388 | val top1 0.1096
Epoch 059 | train loss 0.165525 | train cos 0.834475 | val cos 0.148908 | val p05 0.013281 | val top1 0.1061
Epoch 060 | train loss 0.163963 | train cos 0.836037 | val cos 0.148361 | val p05 0.013634 | val top1 0.1050
Epoch 061 | train loss 0.162716 | train cos 0.837284 | val cos 0.148257 | val p05 0.013825 | val top1 0.1039
Epoch 062 | train loss 0.161669 | train cos 0.838331 | val cos 0.147726 | val p05 0.013798 | val top1 0.1040
Epoch 063 | train loss 0.160660 | train cos 0.839340 | val cos 0.146899 | val p05 0.012260 | val top1 0.1011
Epoch 064 | train loss 0.159541 | train cos 0.840459 | val cos 0.146273 | val p05 0.012420 | val top1 0.1013
Epoch 065 | train loss 0.158250 | train cos 0.841750 | val cos 0.146238 | val p05 0.011025 | val top1 0.1011
Epoch 066 | train loss 0.157072 | train cos 0.842928 | val cos 0.146125 | val p05 0.011177 | val top1 0.1000
Epoch 067 | train loss 0.155693 | train cos 0.844307 | val cos 0.145261 | val p05 0.010281 | val top1 0.1010
Epoch 068 | train loss 0.154673 | train cos 0.845327 | val cos 0.144934 | val p05 0.010280 | val top1 0.0984
Epoch 069 | train loss 0.153833 | train cos 0.846167 | val cos 0.144815 | val p05 0.010605 | val top1 0.0991
Epoch 070 | train loss 0.153157 | train cos 0.846843 | val cos 0.144298 | val p05 0.008693 | val top1 0.0961
Epoch 071 | train loss 0.152260 | train cos 0.847740 | val cos 0.144033 | val p05 0.009314 | val top1 0.0949
Epoch 072 | train loss 0.151217 | train cos 0.848783 | val cos 0.143532 | val p05 0.008884 | val top1 0.0983
Epoch 073 | train loss 0.150379 | train cos 0.849621 | val cos 0.142950 | val p05 0.008560 | val top1 0.0966
Epoch 074 | train loss 0.149300 | train cos 0.850700 | val cos 0.142974 | val p05 0.009289 | val top1 0.0966
Epoch 075 | train loss 0.148630 | train cos 0.851370 | val cos 0.142294 | val p05 0.009537 | val top1 0.0937
Epoch 076 | train loss 0.147606 | train cos 0.852394 | val cos 0.142463 | val p05 0.007248 | val top1 0.0929
Epoch 077 | train loss 0.146801 | train cos 0.853199 | val cos 0.141778 | val p05 0.007162 | val top1 0.0934
Epoch 078 | train loss 0.145833 | train cos 0.854167 | val cos 0.141620 | val p05 0.007289 | val top1 0.0931
Epoch 079 | train loss 0.145120 | train cos 0.854880 | val cos 0.140968 | val p05 0.006285 | val top1 0.0910
Epoch 080 | train loss 0.144348 | train cos 0.855652 | val cos 0.140870 | val p05 0.007267 | val top1 0.0917
Epoch 081 | train loss 0.143656 | train cos 0.856344 | val cos 0.140006 | val p05 0.005275 | val top1 0.0913
Epoch 082 | train loss 0.143026 | train cos 0.856974 | val cos 0.140430 | val p05 0.005845 | val top1 0.0904
Epoch 083 | train loss 0.142159 | train cos 0.857841 | val cos 0.139768 | val p05 0.007062 | val top1 0.0897
Epoch 084 | train loss 0.141664 | train cos 0.858336 | val cos 0.139844 | val p05 0.005209 | val top1 0.0901
Epoch 085 | train loss 0.140715 | train cos 0.859285 | val cos 0.139219 | val p05 0.006858 | val top1 0.0897
Epoch 086 | train loss 0.140063 | train cos 0.859937 | val cos 0.139146 | val p05 0.005755 | val top1 0.0881
Epoch 087 | train loss 0.139508 | train cos 0.860492 | val cos 0.138604 | val p05 0.004993 | val top1 0.0891
Epoch 088 | train loss 0.138727 | train cos 0.861273 | val cos 0.138499 | val p05 0.005200 | val top1 0.0870
Epoch 089 | train loss 0.138133 | train cos 0.861867 | val cos 0.137896 | val p05 0.005583 | val top1 0.0877
Epoch 090 | train loss 0.137441 | train cos 0.862559 | val cos 0.137946 | val p05 0.004471 | val top1 0.0854
Epoch 091 | train loss 0.136831 | train cos 0.863169 | val cos 0.137624 | val p05 0.004849 | val top1 0.0873
Epoch 092 | train loss 0.136164 | train cos 0.863836 | val cos 0.137144 | val p05 0.005035 | val top1 0.0881
Epoch 093 | train loss 0.135448 | train cos 0.864552 | val cos 0.136994 | val p05 0.004292 | val top1 0.0871
Epoch 094 | train loss 0.135221 | train cos 0.864779 | val cos 0.136916 | val p05 0.004695 | val top1 0.0850
Epoch 095 | train loss 0.134428 | train cos 0.865572 | val cos 0.136415 | val p05 0.003694 | val top1 0.0844
Epoch 096 | train loss 0.134085 | train cos 0.865915 | val cos 0.135811 | val p05 0.003616 | val top1 0.0854
Epoch 097 | train loss 0.133502 | train cos 0.866498 | val cos 0.135954 | val p05 0.002234 | val top1 0.0839
Epoch 098 | train loss 0.132982 | train cos 0.867018 | val cos 0.135513 | val p05 0.002270 | val top1 0.0829
Epoch 099 | train loss 0.132407 | train cos 0.867593 | val cos 0.135184 | val p05 0.002901 | val top1 0.0840
Epoch 100 | train loss 0.131870 | train cos 0.868130 | val cos 0.135210 | val p05 0.003624 | val top1 0.0843

Done.
Best epoch: 4
Best val cosine: 0.235647
Saved projector to: /nas-ctm01/homes/dacordeiro/Face-DM/encoded_ffhq256_semantic_split/identity/identity_projector.pt
Saved metrics to:   /nas-ctm01/homes/dacordeiro/Face-DM/encoded_ffhq256_semantic_split/identity/identity_projector.metrics.json
