Aligning train dataset pairs to the global mean...
Aligning test dataset pairs to the global mean...
Aligning test dataset pairs to the global mean...

--- One-Shot Evaluation Metrics (Entire Test Set) ---
MSE Target: 0.048168
MSE Deduced: 0.048168
MSE Mean: 0.048168
Cosine Similarity Target: 0.948342
Cosine Similarity Deduced: 0.947129
Cosine Similarity Mean: 0.947735
Saved OneShot labeled image row to: experiments/lt_avg_flower_flower_mean_100ts/results/oneshot_8_tile_row_labeled.png

Aligning test dataset pairs to the global mean...

--- Regular Evaluation Metrics (Entire Test Set) ---
MSE Target: 0.052278
MSE Deduced: 0.052278
MSE Mean: 0.052278
Cosine Similarity Target: 0.944511
Cosine Similarity Deduced: 0.942818
Cosine Similarity Mean: 0.943664
Saved Regular labeled image row to: experiments/lt_avg_flower_flower_mean_100ts/results/regular_8_tile_row_labeled.png

[1;34mwandb[0m: 
[1;34mwandb[0m: 🚀 View run [33mlt_avg_flower_flower_mean_100ts[0m at: [34mhttps://wandb.ai/davcordeiro03-inesc-tec/Face-DM/runs/7qwa4sfn[0m
[1;34mwandb[0m: Find logs at: [1;35mwandb/run-20260406_122450-7qwa4sfn/logs[0m
