/nas-ctm01/homes/dacordeiro/Face-DM/train.py:439: FutureWarning: You are using `torch.load` with `weights_only=False` (the current default value), which uses the default pickle module implicitly. It is possible to construct malicious pickle data which will execute arbitrary code during unpickling (See https://github.com/pytorch/pytorch/blob/main/SECURITY.md#untrusted-models for more details). In a future release, the default value for `weights_only` will be flipped to `True`. This limits the functions that could be executed during unpickling. Arbitrary objects will no longer be allowed to be loaded via this mode unless they are explicitly allowlisted by the user via `torch.serialization.add_safe_globals`. We recommend you start setting `weights_only=True` for any use case where you don't have full control of the loaded file. Please open an issue on GitHub for any issues related to this experimental feature.
  accelerator.unwrap_model(model).load_state_dict(torch.load(model_path, map_location=device))
/nas-ctm01/homes/dacordeiro/.conda/envs/demorph/lib/python3.10/site-packages/torchvision/models/_utils.py:208: UserWarning: The parameter 'pretrained' is deprecated since 0.13 and may be removed in the future, please use 'weights' instead.
  warnings.warn(
/nas-ctm01/homes/dacordeiro/.conda/envs/demorph/lib/python3.10/site-packages/torchvision/models/_utils.py:223: UserWarning: Arguments other than a weight enum or `None` for 'weights' are deprecated since 0.13 and may be removed in the future. The current behavior is equivalent to passing `weights=AlexNet_Weights.IMAGENET1K_V1`. You can also use `weights=AlexNet_Weights.DEFAULT` to get the most up-to-date weights.
  warnings.warn(msg)
/nas-ctm01/homes/dacordeiro/.conda/envs/demorph/lib/python3.10/site-packages/lpips/lpips.py:107: FutureWarning: You are using `torch.load` with `weights_only=False` (the current default value), which uses the default pickle module implicitly. It is possible to construct malicious pickle data which will execute arbitrary code during unpickling (See https://github.com/pytorch/pytorch/blob/main/SECURITY.md#untrusted-models for more details). In a future release, the default value for `weights_only` will be flipped to `True`. This limits the functions that could be executed during unpickling. Arbitrary objects will no longer be allowed to be loaded via this mode unless they are explicitly allowlisted by the user via `torch.serialization.add_safe_globals`. We recommend you start setting `weights_only=True` for any use case where you don't have full control of the loaded file. Please open an issue on GitHub for any issues related to this experimental feature.
  self.load_state_dict(torch.load(model_path, map_location='cpu'), strict=False)
  0%|          | 0.00/8.15k [00:00<?, ?B/s]100%|██████████| 8.15k/8.15k [00:00<00:00, 8.78MB/s]
Traceback (most recent call last):
  File "/nas-ctm01/homes/dacordeiro/Face-DM/train.py", line 855, in <module>
    launch()
  File "/nas-ctm01/homes/dacordeiro/Face-DM/train.py", line 852, in launch
    save_transition_grid_4th_pair_with_labels(args)
  File "/nas-ctm01/homes/dacordeiro/Face-DM/train.py", line 582, in save_transition_grid_4th_pair_with_labels
    p1_niqe = compute_niqe_label(p_1)
  File "/nas-ctm01/homes/dacordeiro/Face-DM/train.py", line 498, in compute_niqe_label
    score = niqe_metric(img_01).item()
  File "/nas-ctm01/homes/dacordeiro/.conda/envs/demorph/lib/python3.10/site-packages/torch/nn/modules/module.py", line 1736, in _wrapped_call_impl
    return self._call_impl(*args, **kwargs)
  File "/nas-ctm01/homes/dacordeiro/.conda/envs/demorph/lib/python3.10/site-packages/torch/nn/modules/module.py", line 1747, in _call_impl
    return forward_call(*args, **kwargs)
  File "/nas-ctm01/homes/dacordeiro/.conda/envs/demorph/lib/python3.10/site-packages/pyiqa/models/inference_model.py", line 117, in forward
    output = self.net(target.to(device), **kwargs)
  File "/nas-ctm01/homes/dacordeiro/.conda/envs/demorph/lib/python3.10/site-packages/torch/nn/modules/module.py", line 1736, in _wrapped_call_impl
    return self._call_impl(*args, **kwargs)
  File "/nas-ctm01/homes/dacordeiro/.conda/envs/demorph/lib/python3.10/site-packages/torch/nn/modules/module.py", line 1747, in _call_impl
    return forward_call(*args, **kwargs)
  File "/nas-ctm01/homes/dacordeiro/.conda/envs/demorph/lib/python3.10/site-packages/pyiqa/archs/niqe_arch.py", line 513, in forward
    score = calculate_niqe(
  File "/nas-ctm01/homes/dacordeiro/.conda/envs/demorph/lib/python3.10/site-packages/pyiqa/archs/niqe_arch.py", line 204, in calculate_niqe
    niqe_result = niqe(img, mu_pris_param, cov_pris_param)
  File "/nas-ctm01/homes/dacordeiro/.conda/envs/demorph/lib/python3.10/site-packages/pyiqa/archs/niqe_arch.py", line 140, in niqe
    img_normalized = normalize_img_with_gauss(img, padding='replicate')
  File "/nas-ctm01/homes/dacordeiro/.conda/envs/demorph/lib/python3.10/site-packages/pyiqa/archs/func_util.py", line 94, in normalize_img_with_gauss
    mu = imfilter(img, kernel, padding=padding)
  File "/nas-ctm01/homes/dacordeiro/.conda/envs/demorph/lib/python3.10/site-packages/pyiqa/matlab_utils/functions.py", line 63, in imfilter
    pad_func(input), weight, bias, stride, dilation=dilation, groups=groups
  File "/nas-ctm01/homes/dacordeiro/.conda/envs/demorph/lib/python3.10/site-packages/torch/nn/modules/module.py", line 1736, in _wrapped_call_impl
    return self._call_impl(*args, **kwargs)
  File "/nas-ctm01/homes/dacordeiro/.conda/envs/demorph/lib/python3.10/site-packages/torch/nn/modules/module.py", line 1747, in _call_impl
    return forward_call(*args, **kwargs)
  File "/nas-ctm01/homes/dacordeiro/.conda/envs/demorph/lib/python3.10/site-packages/pyiqa/matlab_utils/padding.py", line 104, in forward
    return exact_padding_2d(
  File "/nas-ctm01/homes/dacordeiro/.conda/envs/demorph/lib/python3.10/site-packages/pyiqa/matlab_utils/padding.py", line 74, in exact_padding_2d
    x = F.pad(x, (pad_l, pad_r, pad_t, pad_b), mode=mode)
  File "/nas-ctm01/homes/dacordeiro/.conda/envs/demorph/lib/python3.10/site-packages/torch/nn/functional.py", line 5096, in pad
    return torch._C._nn.pad(input, pad, mode, value)
RuntimeError: Expected 3D or 4D (batch mode) tensor with possibly 0 batch size and other non-zero dimensions for input, but got: [1, 1, 0, 0]
