Size of train: 6551 source images, 36000 random pairs
Size of val: 1638 source images, 5000 deterministic pairs
Size of val: 1638 source images, 5000 deterministic pairs
Setting up [LPIPS] perceptual loss: trunk [alex], v[0.1], spatial [off]
Loading model from: /nas-ctm01/homes/dacordeiro/.conda/envs/demorph/lib/python3.10/site-packages/lpips/weights/v0.1/alex.pth

--- Iterative Evaluation Metrics (Entire Validation Set) ---
SSIM Bright: 0.6919
SSIM Dark: 0.6284
PSNR Bright: 19.5765
PSNR Dark: 19.5569
LPIPS Bright: 0.1425
LPIPS Dark: 0.1636
Success Rate Bright (%S): 75.66%
Success Rate Dark (%S): 74.32%

Size of val: 1638 source images, 5000 deterministic pairs
Setting up [LPIPS] perceptual loss: trunk [alex], v[0.1], spatial [off]
Loading model from: /nas-ctm01/homes/dacordeiro/.conda/envs/demorph/lib/python3.10/site-packages/lpips/weights/v0.1/alex.pth

--- One-Shot Evaluation Metrics (Entire Validation Set) ---
SSIM Bright: 0.7033
SSIM Dark: 0.6488
PSNR Bright: 19.6751
PSNR Dark: 19.6694
LPIPS Bright: 0.1385
LPIPS Dark: 0.1456
Success Rate Bright (%S): 82.64%
Success Rate Dark (%S): 81.60%

[1;34mwandb[0m: 
[1;34mwandb[0m: 🚀 View run [33mavg_default[0m at: [34mhttps://wandb.ai/davcordeiro03-inesc-tec/Face-DM/runs/772xlqjb[0m
[1;34mwandb[0m: Find logs at: [1;35mwandb/run-20260410_142306-772xlqjb/logs[0m
